<?xml version="1.0" encoding="UTF-8"?>
<!-- Generated by org.testng.reporters.JUnitReportReporter -->
<testsuite skipped="0" hostname="JLT01383L2" name="com.prestaonlineshop.qa.testcases.HomePageTest" tests="1" failures="0" timestamp="03 Oct 2019 12:01:01 GMT" time="21.193" errors="0">
  <testcase name="homePageTitle" time="21.193" classname="com.prestaonlineshop.qa.testcases.HomePageTest"/>
</testsuite> <!-- com.prestaonlineshop.qa.testcases.HomePageTest -->
